android/app/build/intermediates/manifest_merge_blame_file/release/manifest-merger-blame-release-report.txt
1<?xml version="1.0" encoding="utf-8"?>
2<manifest xmlns:android="http://schemas.android.com/apk/res/android"
3    package="com.careeratlic"
4    android:versionCode="1"
5    android:versionName="1.0" >
6
7    <uses-sdk
8        android:minSdkVersion="16"
8-->src\main\AndroidManifest.xml
9        android:targetSdkVersion="28" />
9-->src\main\AndroidManifest.xml
10
11    <uses-permission android:name="android.permission.INTERNET" />
11-->src\main\AndroidManifest.xml:4:5-67
11-->src\main\AndroidManifest.xml:4:22-64
12    <uses-permission android:name="android.permission.ACCESS_FINE_LOCATION" />
12-->src\main\AndroidManifest.xml:5:5-79
12-->src\main\AndroidManifest.xml:5:22-76
13
14    <application
14-->src\main\AndroidManifest.xml:7:5-28:19
15        android:name="com.careeratlic.MainApplication"
15-->src\main\AndroidManifest.xml:8:7-38
16        android:allowBackup="false"
16-->src\main\AndroidManifest.xml:12:7-34
17        android:appComponentFactory="androidx.core.app.CoreComponentFactory"
17-->[androidx.core:core:1.1.0] AndroidManifest.xml:24:18-86
18        android:icon="@mipmap/ic_launcher"
18-->src\main\AndroidManifest.xml:10:7-41
19        android:label="@string/app_name"
19-->src\main\AndroidManifest.xml:9:7-39
20        android:roundIcon="@mipmap/ic_launcher_round"
20-->src\main\AndroidManifest.xml:11:7-52
21        android:theme="@style/AppTheme" >
21-->src\main\AndroidManifest.xml:13:7-38
22        <activity
22-->src\main\AndroidManifest.xml:14:7-23:18
23            android:name="com.careeratlic.MainActivity"
23-->src\main\AndroidManifest.xml:15:9-37
24            android:configChanges="keyboard|keyboardHidden|orientation|screenSize"
24-->src\main\AndroidManifest.xml:17:9-79
25            android:label="@string/app_name"
25-->src\main\AndroidManifest.xml:16:9-41
26            android:windowSoftInputMode="adjustResize" >
26-->src\main\AndroidManifest.xml:18:9-51
27            <intent-filter>
27-->src\main\AndroidManifest.xml:19:9-22:25
28                <action android:name="android.intent.action.MAIN" />
28-->src\main\AndroidManifest.xml:20:13-65
28-->src\main\AndroidManifest.xml:20:21-62
29
30                <category android:name="android.intent.category.LAUNCHER" />
30-->src\main\AndroidManifest.xml:21:13-73
30-->src\main\AndroidManifest.xml:21:23-70
31            </intent-filter>
32        </activity>
33        <activity android:name="com.facebook.react.devsupport.DevSettingsActivity" />
33-->src\main\AndroidManifest.xml:24:7-84
33-->src\main\AndroidManifest.xml:24:17-81
34
35        <meta-data
35-->src\main\AndroidManifest.xml:25:7-27:64
36            android:name="com.google.android.geo.API_KEY"
36-->src\main\AndroidManifest.xml:26:7-52
37            android:value="AIzaSyAk7Id-M3LmfC4da63qEluXIdUpkN9AycM" />
37-->src\main\AndroidManifest.xml:27:7-62
38    </application>
39
40</manifest>